#
# A fatal error has been detected by the Java Runtime Environment:
#
#  SIGSEGV (0xb) at pc=0x0000000000000000, pid=43089, tid=0x000000000000f507
#
# JRE version: Java(TM) SE Runtime Environment (8.0_111-b14) (build 1.8.0_111-b14)
# Java VM: Java HotSpot(TM) 64-Bit Server VM (25.111-b14 mixed mode bsd-amd64 compressed oops)
# Problematic frame:
# C  0x0000000000000000
#
# Failed to write core dump. Core dumps have been disabled. To enable core dumping, try "ulimit -c unlimited" before starting Java again
#
# If you would like to submit a bug report, please visit:
#   http://bugreport.java.com/bugreport/crash.jsp
#

---------------  T H R E A D  ---------------

Current thread is native thread

siginfo: si_signo: 11 (SIGSEGV), si_code: 1 (SEGV_MAPERR), si_addr: 0x0000000000000000

Registers:
RAX=0x0000000138b1b508, RBX=0x00000000000161b0, RCX=0x0000000000000010, RDX=0xfffffffffffffff0
RSP=0x0000700008bc19f8, RBP=0x0000700008bc1aa0, RSI=0x0000000000000000, RDI=0x00007f8014a03600
R8 =0x0000000000000200, R9 =0x00007f801a3067e0, R10=0x00007f80151dfc30, R11=0x0000000000002780
R12=0x00007f801a3067e0, R13=0x00007f8014a03600, R14=0x00007f801a304060, R15=0x0000000000000800
RIP=0x0000000000000000, EFLAGS=0x0000000000010246, ERR=0x0000000000000014
  TRAPNO=0x000000000000000e

Top of Stack: (sp=0x0000700008bc19f8)
0x0000700008bc19f8:   0000000138aed639 0000000000000000
0x0000700008bc1a08:   0000000000000000 00007f8014a0b7b0
0x0000700008bc1a18:   000000012f12d010 00007f8014a097b0
0x0000700008bc1a28:   000002000ef78e00 0000000000000004
0x0000700008bc1a38:   0000000000000800 0000700000000200
0x0000700008bc1a48:   00007f8014a077b0 00007f8014a03600
0x0000700008bc1a58:   0000020000000000 fd00000070001002
0x0000700008bc1a68:   000000010000037f a6f401dd9132001f
0x0000700008bc1a78:   00007f801a20dc88 00007f801a3067e0
0x0000700008bc1a88:   00007f801a20dc10 00007f801a304060
0x0000700008bc1a98:   0000000000000200 0000700008bc1ab0
0x0000700008bc1aa8:   0000000138afd2ef 0000700008bc1b30
0x0000700008bc1ab8:   00000001462a2560 00007f801a20d2f8
0x0000700008bc1ac8:   00007f80151dfa00 00007f801a20dc10
0x0000700008bc1ad8:   000002008ba0987d 0000700008bc1c48
0x0000700008bc1ae8:   00007f80151dfbf8 0000020000000001
0x0000700008bc1af8:   0000700008bc1c30 0000700000000000
0x0000700008bc1b08:   0000700008bc1c30 00007f80151dfa00
0x0000700008bc1b18:   00007f801a20d280 00007f80147e17d0
0x0000700008bc1b28:   0000000000000200 0000700008bc1b80
0x0000700008bc1b38:   00000001463ccca4 00007f801a2106b0
0x0000700008bc1b48:   0000700008bc1c48 0000000008bc1c20
0x0000700008bc1b58:   00007f80151dfa00 0000000000000000
0x0000700008bc1b68:   0000000000001fa0 00007f80147e17ec
0x0000700008bc1b78:   00007f80151dfa00 0000700008bc1c10
0x0000700008bc1b88:   00000001463cc37a 00007f80147e17d0
0x0000700008bc1b98:   00000001463cc280 00007f80151dfce8
0x0000700008bc1ba8:   0000700008bc1c30 00007f80151dfa00
0x0000700008bc1bb8:   00007f801a20d280 0000700008bc1c48
0x0000700008bc1bc8:   00007f80147e17d0 00000200151dfce8
0x0000700008bc1bd8:   00009fe000001fa0 a6f401dd9132001f
0x0000700008bc1be8:   00007f80147e17f0 0000000000000200 

Instructions: (pc=0x0000000000000000)
0xffffffffffffffe0:   

Register to memory mapping:

RAX=0x0000000138b1b508: PlaybackBackend+0x20 in /Users/mr.blissfulgrin/Documents/UAH_2017_2018/VIDEOJUEGOS/GIT/proyecto-videojuego-team6/Programacion/ShutterEarth/lib/slick/openal.dylib at 0x0000000138ad2000
RBX=0x00000000000161b0 is an unknown value
RCX=0x0000000000000010 is an unknown value
RDX=0xfffffffffffffff0 is an unknown value
RSP=0x0000700008bc19f8 is an unknown value
RBP=0x0000700008bc1aa0 is an unknown value
RSI=0x0000000000000000 is an unknown value
RDI=0x00007f8014a03600 is an unknown value
R8 =0x0000000000000200 is an unknown value
R9 =0x00007f801a3067e0 is an unknown value
R10=0x00007f80151dfc30 is an unknown value
R11=0x0000000000002780 is an unknown value
R12=0x00007f801a3067e0 is an unknown value
R13=0x00007f8014a03600 is an unknown value
R14=0x00007f801a304060 is an unknown value
R15=0x0000000000000800 is an unknown value


Stack: [0x0000700008b42000,0x0000700008bc2000],  sp=0x0000700008bc19f8,  free space=510k

---------------  P R O C E S S  ---------------

VM state:at safepoint (shutting down)

VM Mutex/Monitor currently owned by a thread:  ([mutex/lock_event])
[0x00007f8014401f20] Threads_lock - owner thread: 0x00007f8016020800

Heap:
 PSYoungGen      total 76288K, used 60297K [0x000000076ab00000, 0x0000000770000000, 0x00000007c0000000)
  eden space 65536K, 75% used [0x000000076ab00000,0x000000076db966e8,0x000000076eb00000)
  from space 10752K, 98% used [0x000000076eb00000,0x000000076f54bd38,0x000000076f580000)
  to   space 10752K, 0% used [0x000000076f580000,0x000000076f580000,0x0000000770000000)
 ParOldGen       total 175104K, used 16K [0x00000006c0000000, 0x00000006cab00000, 0x000000076ab00000)
  object space 175104K, 0% used [0x00000006c0000000,0x00000006c0004000,0x00000006cab00000)
 Metaspace       used 8881K, capacity 9117K, committed 9216K, reserved 1056768K
  class space    used 904K, capacity 995K, committed 1024K, reserved 1048576K

Card table byte_map: [0x0000000110ba1000,0x00000001113a2000] byte_map_base: 0x000000010d5a1000

Marking Bits: (ParMarkBitMap*) 0x00000001100efd20
 Begin Bits: [0x00000001222ab000, 0x00000001262ab000)
 End Bits:   [0x00000001262ab000, 0x000000012a2ab000)

Polling page: 0x000000010efd4000

CodeCache: size=245760Kb used=4952Kb max_used=4954Kb free=240807Kb
 bounds [0x00000001132ab000, 0x000000011378b000, 0x00000001222ab000]
 total_blobs=1635 nmethods=1211 adapters=338
 compilation: enabled

Compilation events (10 events):
Event: 24.898 Thread 0x00007f8015013800 1206       3       sun.awt.AWTAutoShutdown::notifyToolkitThreadFree (8 bytes)
Event: 24.899 Thread 0x00007f8015013800 nmethod 1206 0x00000001137803d0 code [0x0000000113780540, 0x0000000113780708]
Event: 25.583 Thread 0x00007f8014813000 1207       4       org.newdawn.slick.Color::<init> (54 bytes)
Event: 25.586 Thread 0x00007f8014813000 nmethod 1207 0x000000011377f0d0 code [0x000000011377f240, 0x000000011377f458]
Event: 25.600 Thread 0x00007f8015013800 1208       1       org.newdawn.slick.util.InputAdapter::isAcceptingInput (5 bytes)
Event: 25.600 Thread 0x00007f8015013800 nmethod 1208 0x000000011377ee10 code [0x000000011377ef60, 0x000000011377f070]
Event: 25.635 Thread 0x00007f8015012800 1209       4       org.newdawn.slick.Color::multiply (44 bytes)
Event: 25.640 Thread 0x00007f8015012800 nmethod 1209 0x000000011377f850 code [0x000000011377f9e0, 0x000000011377fcd8]
Event: 25.852 Thread 0x00007f8015013800 1210       3       java.util.Arrays::copyOf (13 bytes)
Event: 25.853 Thread 0x00007f8015013800 nmethod 1210 0x000000011377fed0 code [0x0000000113780040, 0x0000000113780248]

GC Heap History (2 events):
Event: 4.754 GC heap before
{Heap before GC invocations=1 (full 0):
 PSYoungGen      total 76288K, used 65454K [0x000000076ab00000, 0x0000000770000000, 0x00000007c0000000)
  eden space 65536K, 99% used [0x000000076ab00000,0x000000076eaebbc8,0x000000076eb00000)
  from space 10752K, 0% used [0x000000076f580000,0x000000076f580000,0x0000000770000000)
  to   space 10752K, 0% used [0x000000076eb00000,0x000000076eb00000,0x000000076f580000)
 ParOldGen       total 175104K, used 0K [0x00000006c0000000, 0x00000006cab00000, 0x000000076ab00000)
  object space 175104K, 0% used [0x00000006c0000000,0x00000006c0000000,0x00000006cab00000)
 Metaspace       used 8354K, capacity 8471K, committed 8704K, reserved 1056768K
  class space    used 869K, capacity 930K, committed 1024K, reserved 1048576K
Event: 4.771 GC heap after
Heap after GC invocations=1 (full 0):
 PSYoungGen      total 76288K, used 10543K [0x000000076ab00000, 0x0000000770000000, 0x00000007c0000000)
  eden space 65536K, 0% used [0x000000076ab00000,0x000000076ab00000,0x000000076eb00000)
  from space 10752K, 98% used [0x000000076eb00000,0x000000076f54bd38,0x000000076f580000)
  to   space 10752K, 0% used [0x000000076f580000,0x000000076f580000,0x0000000770000000)
 ParOldGen       total 175104K, used 16K [0x00000006c0000000, 0x00000006cab00000, 0x000000076ab00000)
  object space 175104K, 0% used [0x00000006c0000000,0x00000006c0004000,0x00000006cab00000)
 Metaspace       used 8354K, capacity 8471K, committed 8704K, reserved 1056768K
  class space    used 869K, capacity 930K, committed 1024K, reserved 1048576K
}

Deoptimization events (10 events):
Event: 4.685 Thread 0x00007f8014806000 Uncommon trap: reason=unstable_if action=reinterpret pc=0x00000001135d3f10 method=com.jcraft.jorbis.Mapping0.inverse(Lcom/jcraft/jorbis/Block;Ljava/lang/Object;)I @ 207
Event: 4.685 Thread 0x00007f8014806000 Uncommon trap: reason=unstable_if action=reinterpret pc=0x00000001135c71e0 method=com.jcraft.jorbis.Mapping0.inverse(Lcom/jcraft/jorbis/Block;Ljava/lang/Object;)I @ 207
Event: 4.685 Thread 0x00007f8014806000 Uncommon trap: reason=unstable_if action=reinterpret pc=0x00000001135ac804 method=com.jcraft.jorbis.Floor1.inverse2(Lcom/jcraft/jorbis/Block;Ljava/lang/Object;Ljava/lang/Object;[F)I @ 33
Event: 5.216 Thread 0x00007f8014806000 Uncommon trap: reason=class_check action=maybe_recompile pc=0x00000001136277b0 method=com.jcraft.jorbis.Mapping0.inverse(Lcom/jcraft/jorbis/Block;Ljava/lang/Object;)I @ 459
Event: 5.216 Thread 0x00007f8014806000 Uncommon trap: reason=class_check action=maybe_recompile pc=0x00000001136277b0 method=com.jcraft.jorbis.Mapping0.inverse(Lcom/jcraft/jorbis/Block;Ljava/lang/Object;)I @ 459
Event: 5.216 Thread 0x00007f8014806000 Uncommon trap: reason=class_check action=maybe_recompile pc=0x00000001136277b0 method=com.jcraft.jorbis.Mapping0.inverse(Lcom/jcraft/jorbis/Block;Ljava/lang/Object;)I @ 459
Event: 5.216 Thread 0x00007f8014806000 Uncommon trap: reason=class_check action=maybe_recompile pc=0x00000001136277b0 method=com.jcraft.jorbis.Mapping0.inverse(Lcom/jcraft/jorbis/Block;Ljava/lang/Object;)I @ 459
Event: 5.217 Thread 0x00007f8014806000 Uncommon trap: reason=class_check action=maybe_recompile pc=0x0000000113620188 method=com.jcraft.jorbis.Mapping0.inverse(Lcom/jcraft/jorbis/Block;Ljava/lang/Object;)I @ 459
Event: 5.308 Thread 0x00007f8014806000 Uncommon trap: reason=unstable_if action=reinterpret pc=0x00000001136196b0 method=com.jcraft.jorbis.Floor1.inverse1(Lcom/jcraft/jorbis/Block;Ljava/lang/Object;Ljava/lang/Object;)Ljava/lang/Object; @ 458
Event: 5.570 Thread 0x00007f8014806000 Uncommon trap: reason=unstable_if action=reinterpret pc=0x000000011362c7a0 method=sun.misc.MetaIndex.mayContain(Ljava/lang/String;)Z @ 38

Internal exceptions (10 events):
Event: 0.815 Thread 0x00007f8014806000 Exception <a 'java/io/FileNotFoundException'> (0x000000076af6a528) thrown at [/Users/java_re/workspace/8-2-build-macosx-x86_64/jdk8u111/7883/hotspot/src/share/vm/prims/jni.cpp, line 709]
Event: 0.870 Thread 0x00007f8014806000 Exception <a 'java/lang/NoSuchMethodError': <clinit>> (0x000000076afc4250) thrown at [/Users/java_re/workspace/8-2-build-macosx-x86_64/jdk8u111/7883/hotspot/src/share/vm/prims/jni.cpp, line 1613]
Event: 3.517 Thread 0x00007f8014806000 Exception <a 'java/security/PrivilegedActionException'> (0x000000076c43bcf0) thrown at [/Users/java_re/workspace/8-2-build-macosx-x86_64/jdk8u111/7883/hotspot/src/share/vm/prims/jvm.cpp, line 1386]
Event: 3.518 Thread 0x00007f8014806000 Exception <a 'java/security/PrivilegedActionException'> (0x000000076c43d898) thrown at [/Users/java_re/workspace/8-2-build-macosx-x86_64/jdk8u111/7883/hotspot/src/share/vm/prims/jvm.cpp, line 1386]
Event: 3.518 Thread 0x00007f8014806000 Exception <a 'java/security/PrivilegedActionException'> (0x000000076c43e9b8) thrown at [/Users/java_re/workspace/8-2-build-macosx-x86_64/jdk8u111/7883/hotspot/src/share/vm/prims/jvm.cpp, line 1386]
Event: 3.519 Thread 0x00007f8014806000 Exception <a 'java/security/PrivilegedActionException'> (0x000000076c443a90) thrown at [/Users/java_re/workspace/8-2-build-macosx-x86_64/jdk8u111/7883/hotspot/src/share/vm/prims/jvm.cpp, line 1386]
Event: 3.519 Thread 0x00007f8014806000 Exception <a 'java/security/PrivilegedActionException'> (0x000000076c4446e8) thrown at [/Users/java_re/workspace/8-2-build-macosx-x86_64/jdk8u111/7883/hotspot/src/share/vm/prims/jvm.cpp, line 1386]
Event: 3.520 Thread 0x00007f8014806000 Exception <a 'java/security/PrivilegedActionException'> (0x000000076c445310) thrown at [/Users/java_re/workspace/8-2-build-macosx-x86_64/jdk8u111/7883/hotspot/src/share/vm/prims/jvm.cpp, line 1386]
Event: 4.685 Thread 0x00007f8014806000 Implicit null exception at 0x00000001135ac081 to 0x00000001135ac7e1
Event: 25.856 Thread 0x00007f8014806000 Exception <a 'java/lang/NoSuchMethodError': <clinit>> (0x000000076d903e30) thrown at [/Users/java_re/workspace/8-2-build-macosx-x86_64/jdk8u111/7883/hotspot/src/share/vm/prims/jni.cpp, line 1613]

Events (10 events):
Event: 25.854 loading class java/io/UnsupportedEncodingException
Event: 25.854 loading class java/io/UnsupportedEncodingException done
Event: 25.858 loading class java/util/IdentityHashMap$KeySet
Event: 25.858 loading class java/util/IdentityHashMap$KeySet done
Event: 25.858 loading class java/util/IdentityHashMap$KeyIterator
Event: 25.859 loading class java/util/IdentityHashMap$KeyIterator done
Event: 25.859 Thread 0x00007f8015b40800 Thread added: 0x00007f8015b40800
Event: 25.871 Thread 0x00007f8015b40800 Thread exited: 0x00007f8015b40800
Event: 25.880 Thread 0x00007f8014805000 Thread exited: 0x00007f8014805000
Event: 25.881 Executing VM operation: Exit


Dynamic libraries:
0x00000000253a4000 	/System/Library/Frameworks/Cocoa.framework/Versions/A/Cocoa
0x00000000253a4000 	/System/Library/Frameworks/Security.framework/Versions/A/Security
0x00000000253a4000 	/System/Library/Frameworks/ApplicationServices.framework/Versions/A/ApplicationServices
0x00000000253a4000 	/usr/lib/libz.1.dylib
0x00000000253a4000 	/usr/lib/libSystem.B.dylib
0x00000000253a4000 	/usr/lib/libobjc.A.dylib
0x00000000253a4000 	/System/Library/Frameworks/CoreFoundation.framework/Versions/A/CoreFoundation
0x00000000253a4000 	/System/Library/Frameworks/Foundation.framework/Versions/C/Foundation
0x00000000253a4000 	/System/Library/Frameworks/AppKit.framework/Versions/C/AppKit
0x00000000253a4000 	/System/Library/Frameworks/CoreData.framework/Versions/A/CoreData
0x00000000253a4000 	/System/Library/PrivateFrameworks/RemoteViewServices.framework/Versions/A/RemoteViewServices
0x00000000253a4000 	/System/Library/PrivateFrameworks/UIFoundation.framework/Versions/A/UIFoundation
0x00000000253a4000 	/System/Library/PrivateFrameworks/DFRFoundation.framework/Versions/A/DFRFoundation
0x00000000253a4000 	/System/Library/Frameworks/Metal.framework/Versions/A/Metal
0x00000000253a4000 	/System/Library/PrivateFrameworks/DesktopServicesPriv.framework/Versions/A/DesktopServicesPriv
0x00000000253a4000 	/usr/lib/libenergytrace.dylib
0x00000000253a4000 	/System/Library/PrivateFrameworks/SkyLight.framework/Versions/A/SkyLight
0x00000000253a4000 	/System/Library/Frameworks/CoreGraphics.framework/Versions/A/CoreGraphics
0x00000000253a4000 	/usr/lib/libScreenReader.dylib
0x00000000253a4000 	/System/Library/Frameworks/Accelerate.framework/Versions/A/Accelerate
0x00000000253a4000 	/System/Library/Frameworks/IOSurface.framework/Versions/A/IOSurface
0x00000000253a4000 	/System/Library/Frameworks/AudioToolbox.framework/Versions/A/AudioToolbox
0x00000000253a4000 	/System/Library/Frameworks/AudioUnit.framework/Versions/A/AudioUnit
0x00000000253a4000 	/System/Library/PrivateFrameworks/DataDetectorsCore.framework/Versions/A/DataDetectorsCore
0x00000000253a4000 	/System/Library/Frameworks/Carbon.framework/Versions/A/Frameworks/HIToolbox.framework/Versions/A/HIToolbox
0x00000000253a4000 	/usr/lib/libicucore.A.dylib
0x00000000253a4000 	/System/Library/Frameworks/QuartzCore.framework/Versions/A/QuartzCore
0x00000000253a4000 	/System/Library/PrivateFrameworks/SignpostNotification.framework/Versions/A/SignpostNotification
0x00000000253a4000 	/System/Library/Frameworks/Carbon.framework/Versions/A/Frameworks/SpeechRecognition.framework/Versions/A/SpeechRecognition
0x00000000253a4000 	/usr/lib/libauto.dylib
0x00000000253a4000 	/usr/lib/libxml2.2.dylib
0x00000000253a4000 	/System/Library/PrivateFrameworks/CoreUI.framework/Versions/A/CoreUI
0x00000000253a4000 	/System/Library/Frameworks/CoreAudio.framework/Versions/A/CoreAudio
0x00000000253a4000 	/System/Library/Frameworks/DiskArbitration.framework/Versions/A/DiskArbitration
0x00000000253a4000 	/usr/lib/liblangid.dylib
0x00000000253a4000 	/System/Library/PrivateFrameworks/MultitouchSupport.framework/Versions/A/MultitouchSupport
0x00000000253a4000 	/System/Library/Frameworks/IOKit.framework/Versions/A/IOKit
0x00000000253a4000 	/usr/lib/libDiagnosticMessagesClient.dylib
0x00000000253a4000 	/System/Library/Frameworks/CoreServices.framework/Versions/A/CoreServices
0x00000000253a4000 	/System/Library/PrivateFrameworks/PerformanceAnalysis.framework/Versions/A/PerformanceAnalysis
0x00000000253a4000 	/System/Library/Frameworks/OpenGL.framework/Versions/A/OpenGL
0x00000000253a4000 	/System/Library/Frameworks/ColorSync.framework/Versions/A/ColorSync
0x00000000253a4000 	/System/Library/Frameworks/CoreImage.framework/Versions/A/CoreImage
0x00000000253a4000 	/System/Library/Frameworks/CoreText.framework/Versions/A/CoreText
0x00000000253a4000 	/System/Library/Frameworks/ImageIO.framework/Versions/A/ImageIO
0x00000000253a4000 	/System/Library/PrivateFrameworks/Backup.framework/Versions/A/Backup
0x00000000253a4000 	/usr/lib/libarchive.2.dylib
0x00000000253a4000 	/System/Library/Frameworks/CFNetwork.framework/Versions/A/CFNetwork
0x00000000253a4000 	/System/Library/Frameworks/SystemConfiguration.framework/Versions/A/SystemConfiguration
0x00000000253a4000 	/usr/lib/libCRFSuite.dylib
0x00000000253a4000 	/usr/lib/libc++.1.dylib
0x00000000253a4000 	/usr/lib/libc++abi.dylib
0x00000000253a4000 	/usr/lib/system/libcache.dylib
0x00000000253a4000 	/usr/lib/system/libcommonCrypto.dylib
0x00000000253a4000 	/usr/lib/system/libcompiler_rt.dylib
0x00000000253a4000 	/usr/lib/system/libcopyfile.dylib
0x00000000253a4000 	/usr/lib/system/libcorecrypto.dylib
0x00000000253a4000 	/usr/lib/system/libdispatch.dylib
0x00000000253a4000 	/usr/lib/system/libdyld.dylib
0x00000000253a4000 	/usr/lib/system/libkeymgr.dylib
0x00000000253a4000 	/usr/lib/system/liblaunch.dylib
0x00000000253a4000 	/usr/lib/system/libmacho.dylib
0x00000000253a4000 	/usr/lib/system/libquarantine.dylib
0x00000000253a4000 	/usr/lib/system/libremovefile.dylib
0x00000000253a4000 	/usr/lib/system/libsystem_asl.dylib
0x00000000253a4000 	/usr/lib/system/libsystem_blocks.dylib
0x00000000253a4000 	/usr/lib/system/libsystem_c.dylib
0x00000000253a4000 	/usr/lib/system/libsystem_configuration.dylib
0x00000000253a4000 	/usr/lib/system/libsystem_coreservices.dylib
0x00000000253a4000 	/usr/lib/system/libsystem_darwin.dylib
0x00000000253a4000 	/usr/lib/system/libsystem_dnssd.dylib
0x00000000253a4000 	/usr/lib/system/libsystem_info.dylib
0x00000000253a4000 	/usr/lib/system/libsystem_m.dylib
0x00000000253a4000 	/usr/lib/system/libsystem_malloc.dylib
0x00000000253a4000 	/usr/lib/system/libsystem_network.dylib
0x00000000253a4000 	/usr/lib/system/libsystem_networkextension.dylib
0x00000000253a4000 	/usr/lib/system/libsystem_notify.dylib
0x00000000253a4000 	/usr/lib/system/libsystem_sandbox.dylib
0x00000000253a4000 	/usr/lib/system/libsystem_secinit.dylib
0x00000000253a4000 	/usr/lib/system/libsystem_kernel.dylib
0x00000000253a4000 	/usr/lib/system/libsystem_platform.dylib
0x00000000253a4000 	/usr/lib/system/libsystem_pthread.dylib
0x00000000253a4000 	/usr/lib/system/libsystem_symptoms.dylib
0x00000000253a4000 	/usr/lib/system/libsystem_trace.dylib
0x00000000253a4000 	/usr/lib/system/libunwind.dylib
0x00000000253a4000 	/usr/lib/system/libxpc.dylib
0x00000000253a4000 	/usr/lib/closure/libclosured.dylib
0x00000000253a4000 	/usr/lib/libbsm.0.dylib
0x00000000253a4000 	/usr/lib/system/libkxld.dylib
0x00000000253a4000 	/usr/lib/libOpenScriptingUtil.dylib
0x00000000253a4000 	/usr/lib/libcoretls.dylib
0x00000000253a4000 	/usr/lib/libcoretls_cfhelpers.dylib
0x00000000253a4000 	/usr/lib/libpam.2.dylib
0x00000000253a4000 	/usr/lib/libsqlite3.dylib
0x00000000253a4000 	/usr/lib/libxar.1.dylib
0x00000000253a4000 	/usr/lib/libbz2.1.0.dylib
0x00000000253a4000 	/usr/lib/liblzma.5.dylib
0x00000000253a4000 	/usr/lib/libnetwork.dylib
0x00000000253a4000 	/usr/lib/libapple_nghttp2.dylib
0x00000000253a4000 	/usr/lib/libpcap.A.dylib
0x00000000253a4000 	/usr/lib/libboringssl.dylib
0x00000000253a4000 	/usr/lib/libusrtcp.dylib
0x00000000253a4000 	/usr/lib/libapple_crypto.dylib
0x00000000253a4000 	/System/Library/Frameworks/CoreServices.framework/Versions/A/Frameworks/FSEvents.framework/Versions/A/FSEvents
0x00000000253a4000 	/System/Library/Frameworks/CoreServices.framework/Versions/A/Frameworks/CarbonCore.framework/Versions/A/CarbonCore
0x00000000253a4000 	/System/Library/Frameworks/CoreServices.framework/Versions/A/Frameworks/Metadata.framework/Versions/A/Metadata
0x00000000253a4000 	/System/Library/Frameworks/CoreServices.framework/Versions/A/Frameworks/OSServices.framework/Versions/A/OSServices
0x00000000253a4000 	/System/Library/Frameworks/CoreServices.framework/Versions/A/Frameworks/SearchKit.framework/Versions/A/SearchKit
0x00000000253a4000 	/System/Library/Frameworks/CoreServices.framework/Versions/A/Frameworks/AE.framework/Versions/A/AE
0x00000000253a4000 	/System/Library/Frameworks/CoreServices.framework/Versions/A/Frameworks/LaunchServices.framework/Versions/A/LaunchServices
0x00000000253a4000 	/System/Library/Frameworks/CoreServices.framework/Versions/A/Frameworks/DictionaryServices.framework/Versions/A/DictionaryServices
0x00000000253a4000 	/System/Library/Frameworks/CoreServices.framework/Versions/A/Frameworks/SharedFileList.framework/Versions/A/SharedFileList
0x00000000253a4000 	/System/Library/Frameworks/NetFS.framework/Versions/A/NetFS
0x00000000253a4000 	/System/Library/PrivateFrameworks/NetAuth.framework/Versions/A/NetAuth
0x00000000253a4000 	/System/Library/PrivateFrameworks/login.framework/Versions/A/Frameworks/loginsupport.framework/Versions/A/loginsupport
0x00000000253a4000 	/System/Library/PrivateFrameworks/TCC.framework/Versions/A/TCC
0x00000000253a4000 	/usr/lib/libmecabra.dylib
0x00000000253a4000 	/System/Library/Frameworks/ApplicationServices.framework/Versions/A/Frameworks/ATS.framework/Versions/A/ATS
0x00000000253a4000 	/System/Library/Frameworks/ApplicationServices.framework/Versions/A/Frameworks/ColorSyncLegacy.framework/Versions/A/ColorSyncLegacy
0x00000000253a4000 	/System/Library/Frameworks/ApplicationServices.framework/Versions/A/Frameworks/HIServices.framework/Versions/A/HIServices
0x00000000253a4000 	/System/Library/Frameworks/ApplicationServices.framework/Versions/A/Frameworks/LangAnalysis.framework/Versions/A/LangAnalysis
0x00000000253a4000 	/System/Library/Frameworks/ApplicationServices.framework/Versions/A/Frameworks/PrintCore.framework/Versions/A/PrintCore
